<?xml version="1.0" encoding="UTF-8"?>
<testsuite name="gameUnitTests" tests="2" skipped="0" failures="0" errors="0" timestamp="2022-05-10T13:17:37" hostname="Lauras-MacBook-Pro-2.local" time="0.059">
  <properties/>
  <testcase name="canRollAllZeros()" classname="gameUnitTests" time="0.057"/>
  <testcase name="canRollAllOnes()" classname="gameUnitTests" time="0.001"/>
  <system-out><![CDATA[]]></system-out>
  <system-err><![CDATA[]]></system-err>
</testsuite>
